<?xml version="1.0" encoding="utf-8"?><testsuites><testsuite name="pytest" errors="0" failures="0" skipped="0" tests="1" time="25.231" timestamp="2021-11-09T09:28:16.774361" hostname="sim-hankdeMacBook-Pro.local"><testcase classname="test_case.test_001_res_editor_case.TestResEditorCase" name="test_add_mysql" time="25.159" /></testsuite></testsuites>